  0       0        1579.51    860.78    0.02    0.01    0.26    0.00
  0     200      121679.59  73110.62   32.55   47.35   24.79    0.33
  1     400       71409.67  18103.43   52.47   67.48   42.92    0.52
  2     600       13931.27  15031.22   75.63   77.05   74.25    0.76
  2     800        9819.43  13457.04   79.52   78.87   80.17    0.80
  3    1000        3993.24  11918.82   79.37   81.76   77.12    0.79
  4    1200        6410.13  11603.72   84.50   84.15   84.85    0.84
  4    1400        3759.66  11203.15   85.40   84.81   86.00    0.85
  5    1600        1682.96  10083.98   87.19   88.96   85.49    0.87
  6    1800        1333.58  10872.26   88.10   88.61   87.60    0.88
  6    2000       15173.59  10850.06   89.47   90.19   88.75    0.89
  7    2200        2208.53  10105.96   89.14   88.81   89.48    0.89
  8    2400         788.13   9561.68   90.16   89.80   90.53    0.90
  8    2600         994.12  10377.77   89.50   89.24   89.75    0.89
  9    2800         891.59   8931.82   89.99   90.36   89.63    0.90
 10    3000         578.49  10196.17   90.50   90.85   90.15    0.90
 10    3200         500.67   9239.86   90.17   90.09   90.25    0.90
 11    3400         439.17   9179.98   90.95   91.18   90.72    0.91
 12    3600         367.29   9532.70   90.99   90.88   91.10    0.91
 13    3800         369.71   9400.36   90.42   89.65   91.21    0.90
 13    4000         301.97   8997.79   91.82   93.18   90.51    0.92
 14    4200         601.89   8919.29   91.43   91.50   91.36    0.91
 15    4400         305.91   9185.01   91.25   91.64   90.87    0.91
 15    4600         257.68   9261.13   91.49   92.29   90.71    0.91
 16    4800         329.64   9291.49   90.78   89.68   91.90    0.91
 17    5000         386.73   7601.62   91.26   90.93   91.60    0.91
 17    5200         221.62   9053.27   91.05   90.78   91.33    0.91
 18    5400         285.94   8565.21   91.28   90.74   91.83    0.91
 19    5600         228.22   8747.35   90.93   90.78   91.07    0.91
