  0       0        1579.51    860.78    0.02    0.01    0.26    0.00
  0     200      120607.08  107840.40    2.18    8.33    1.26    0.02
  1     400       74455.56  24947.00   34.03   48.45   26.23    0.34
  2     600       51517.49  20714.07   44.25   60.11   35.01    0.44
  2     800       24237.35  18105.83   57.92   64.53   52.54    0.58
  3    1000       32641.15  16379.70   65.64   71.73   60.51    0.66
  4    1200        8472.06  15385.91   71.25   72.70   69.85    0.71
  4    1400       10614.03  14635.60   75.61   77.95   73.41    0.76
  5    1600        5265.45  13350.50   76.86   80.18   73.80    0.77
  6    1800        5588.55  13977.21   78.67   80.08   77.31    0.79
  6    2000        9289.20  13600.96   78.68   80.39   77.04    0.79
  7    2200        4758.87  12898.14   79.13   80.22   78.07    0.79
  8    2400        7047.24  12288.33   78.79   80.60   77.07    0.79
  8    2600       26018.14  13044.39   79.39   80.51   78.30    0.79
  9    2800       23133.88  11382.42   79.72   84.01   75.84    0.80
 10    3000        9911.45  12426.11   80.03   81.39   78.72    0.80
 11    3400       53242.52  11537.86   80.41   81.32   79.52    0.80
 12    3600        9857.38  11728.17   81.07   79.21   83.02    0.81
 13    3800        9990.53  11302.93   81.52   83.09   80.01    0.82
 13    4000        4423.22  10773.65   83.65   86.60   80.90    0.84
 14    4200        5342.18  10505.31   83.41   83.86   82.96    0.83
 15    4400       20264.71  10891.44   83.96   84.29   83.64    0.84
 15    4600        7440.25  10719.54   83.07   84.43   81.75    0.83
 16    4800        3254.52  10668.04   83.80   82.70   84.93    0.84
 17    5000        3507.57   8911.36   84.35   83.61   85.11    0.84
 17    5200        2871.02  10218.98   84.70   86.17   83.28    0.85
 18    5400        3125.18   9719.24   84.84   86.46   83.28    0.85
 19    5600        9720.83   9979.25   84.90   85.33   84.49    0.85
 19    5800       13999.42   9435.36   84.72   84.72   84.73    0.85
 20    6000        3019.32   8667.04   85.18   86.49   83.91    0.85
 21    6200        8924.92   9083.92   84.79   84.57   85.02    0.85
 21    6400        8686.07   9142.10   85.24   85.58   84.89    0.85
 22    6600        5802.62   9545.80   85.26   84.47   86.06    0.85
 23    6800        2019.27   8189.40   85.29   86.15   84.44    0.85
 24    7000        2646.51   8241.24   85.12   85.18   85.06    0.85
 24    7200        7988.68   8405.99   85.65   85.38   85.92    0.86
 25    7400        1633.31   7928.98   85.73   85.97   85.49    0.86
 26    7600        2042.83   7884.90   84.97   84.49   85.47    0.85
 26    7800       54892.52   8206.17   85.40   85.81   85.00    0.85
 28    8400        1526.16   7445.27   85.98   85.89   86.08    0.86
 29    8600        5733.85   7198.99   86.03   86.22   85.83    0.86
 30    8800        1464.43   6913.26   86.05   86.46   85.64    0.86
 30    9000        1634.51   6786.63   85.82   86.73   84.94    0.86
 31    9200       41302.29   6865.26   86.10   86.10   86.09    0.86
 32    9400        1491.89   6821.83   85.43   86.35   84.53    0.85
 32    9600       83661.38   6782.23   85.53   85.03   86.05    0.86
 33    9800        1168.71   5855.62   85.97   86.18   85.77    0.86
 34   10000        2054.51   6202.96   86.08   86.26   85.89    0.86
 34   10200       12513.44   6215.25   86.00   85.29   86.71    0.86
 35   10400       22804.81   5934.75   85.59   85.05   86.14    0.86
 36   10600       32358.80   5822.89   85.45   84.39   86.54    0.85
 37   10800       16127.61   5524.38   85.98   85.01   86.97    0.86
