  0       0        1579.51    860.78    0.02    0.01    0.26    0.00
  0     200       83093.47  67881.19   45.29   58.03   37.14    0.45
  1     400       58173.23  16090.86   66.96   75.43   60.21    0.67
  2     600       16698.20  14427.67   79.13   80.82   77.51    0.79
  2     800        2558.49  12840.68   84.92   85.11   84.73    0.85
  3    1000        3503.75  11284.81   86.43   86.56   86.30    0.86
  4    1200        9755.79  11109.45   85.85   85.33   86.38    0.86
  4    1400        4264.62  10765.62   87.67   87.47   87.88    0.88
  5    1600         885.97   9664.74   88.31   89.32   87.33    0.88
  6    1800        1053.03  10496.48   89.58   89.41   89.75    0.90
  6    2000        1003.93  10398.24   90.64   91.36   89.93    0.91
  7    2200        1322.23   9881.21   90.63   90.73   90.53    0.91
  8    2400         595.67   9333.83   90.81   90.14   91.49    0.91
  8    2600         477.93  10136.66   91.08   90.79   91.36    0.91
  9    2800         427.37   8782.84   91.54   91.73   91.36    0.92
 10    3000       22159.34  10263.84   91.87   92.72   91.04    0.92
 10    3200         393.28   9159.12   91.77   91.78   91.75    0.92
 11    3400         334.86   9097.61   91.06   90.73   91.39    0.91
 12    3600        1235.51   9482.81   92.22   92.57   91.87    0.92
 13    3800         350.89   9319.00   92.23   92.36   92.10    0.92
 13    4000       20943.97   9196.64   92.47   92.94   92.01    0.92
 14    4200         350.33   8849.50   91.98   92.53   91.45    0.92
 15    4400         476.56   9138.34   91.84   91.73   91.95    0.92
 15    4600        8876.21   9271.59   91.72   91.36   92.07    0.92
 16    4800        4671.03   9250.26   92.67   93.18   92.17    0.93
 17    5000         401.59   7522.72   92.09   92.52   91.68    0.92
 17    5200         235.63   9007.69   92.24   92.22   92.27    0.92
 18    5400         183.26   8465.02   91.99   92.69   91.31    0.92
 19    5600         247.96   8718.20   91.52   91.22   91.83    0.92
 19    5800         204.94   8239.63   91.91   92.12   91.69    0.92
 20    6000         181.54   7681.97   92.13   92.01   92.25    0.92
 21    6200         196.74   8080.69   91.87   91.59   92.16    0.92
 21    6400         213.56   8047.44   92.50   94.03   91.02    0.93
