  0       0        1579.51    860.78    0.02    0.01    0.26    0.00
  0     200      134433.85  82856.85   14.70   19.52   11.79    0.15
  1     400       64590.54  20335.76   45.21   73.09   32.72    0.45
  2     600       16261.03  16773.46   68.79   73.69   64.49    0.69
  2     800        9804.73  14909.75   76.47   77.59   75.37    0.76
  3    1000        3406.83  13022.50   78.97   79.82   78.13    0.79
  4    1200        9247.38  12678.81   81.70   82.29   81.11    0.82
  4    1400       12829.34  12365.89   82.18   81.83   82.53    0.82
  5    1600        8580.53  11121.28   82.74   84.28   81.25    0.83
  6    1800       15699.69  11986.62   83.66   84.53   82.81    0.84
  6    2000        2282.02  11437.66   85.36   87.62   83.21    0.85
  7    2200        9472.63  10880.05   85.23   85.40   85.06    0.85
  8    2400        2847.25  10176.46   85.46   85.32   85.61    0.85
  8    2600        1411.29  10804.69   85.56   85.30   85.82    0.86
  9    2800        2003.33   9410.81   86.93   87.78   86.11    0.87
 10    3000        1511.51  10569.27   85.75   85.85   85.65    0.86
 10    3200         987.14   9611.01   87.66   87.43   87.89    0.88
 11    3400         943.31   9481.63   87.76   88.07   87.45    0.88
 12    3600         799.47   9820.52   88.04   87.64   88.44    0.88
 13    3800         812.75   9647.95   87.47   86.57   88.39    0.87
 13    4000         914.34   9229.21   87.87   89.35   86.44    0.88
 14    4200        1407.74   9181.99   88.36   88.29   88.44    0.88
 15    4400        1389.32   9443.36   87.98   87.52   88.44    0.88
 15    4600         551.43   9434.70   88.00   88.08   87.92    0.88
 16    4800         767.37   9405.57   88.86   88.32   89.41    0.89
 17    5000        7575.46   7793.04   87.46   86.14   88.81    0.87
 17    5200        1058.64   9257.88   88.58   88.91   88.25    0.89
 18    5400         509.90   8693.21   88.29   87.99   88.59    0.88
 19    5600         435.20   8860.74   88.50   88.74   88.27    0.89
 19    5800         388.18   8432.10   88.10   88.08   88.12    0.88
 20    6000        1067.95   7935.62   88.77   88.57   88.98    0.89
 21    6200         348.15   8291.83   89.03   89.15   88.91    0.89
 21    6400       21060.74   8413.14   89.12   88.53   89.72    0.89
 22    6600         764.94   8871.35   88.79   87.83   89.77    0.89
 23    6800         357.95   7577.28   88.53   87.70   89.37    0.89
 24    7000         385.92   7611.07   88.60   87.49   89.74    0.89
 24    7200         270.68   7702.98   88.58   87.36   89.83    0.89
 25    7400         336.19   7416.23   88.41   87.38   89.47    0.88
 26    7600         309.26   7331.72   88.61   88.03   89.19    0.89
 26    7800        2843.13   7483.54   89.04   88.61   89.48    0.89
 27    8000         274.17   7185.69   89.17   88.99   89.34    0.89
 28    8200         285.59   6630.91   88.89   88.63   89.16    0.89
 28    8400         249.79   6914.63   89.12   89.73   88.51    0.89
 29    8600         240.55   6644.43   88.95   89.07   88.83    0.89
 30    8800         258.07   6449.76   89.03   88.43   89.65    0.89
 30    9000         293.46   6290.43   88.94   88.27   89.62    0.89
 31    9200         253.09   6226.48   89.28   89.16   89.41    0.89
 32    9400         204.54   6278.24   88.83   88.72   88.94    0.89
 32    9600         267.19   6050.91   88.81   88.32   89.30    0.89
 33    9800         178.36   5331.27   89.14   89.17   89.10    0.89
 34   10000         214.30   5622.05   89.10   88.54   89.68    0.89
 34   10200         263.70   5614.72   89.31   88.91   89.71    0.89
 35   10400         182.76   5227.78   88.99   88.23   89.77    0.89
 36   10600         267.75   5151.89   88.87   88.19   89.56    0.89
 37   10800         235.65   4861.11   89.14   88.84   89.44    0.89
 37   11000         187.01   4662.10   89.17   88.84   89.51    0.89
 38   11200         213.93   4912.39   89.24   88.97   89.51    0.89
 39   11400         115.96   4342.91   88.95   88.52   89.39    0.89
 39   11600         187.94   4328.39   88.95   88.33   89.59    0.89
 40   11800         145.78   4059.33   89.32   89.07   89.57    0.89
 41   12000         169.67   4122.99   89.11   88.83   89.39    0.89
 41   12200         150.72   3971.33   88.58   87.84   89.33    0.89
 42   12400         158.45   3302.61   89.02   88.33   89.72    0.89
 43   12600         126.09   3957.22   89.00   88.58   89.44    0.89
 43   12800         155.00   3472.70   88.91   88.31   89.53    0.89
 44   13000         149.39   3191.97   89.07   88.31   89.84    0.89
 45   13200         129.16   3118.20   88.96   88.01   89.92    0.89
 45   13400         201.02   3139.43   89.12   88.70   89.56    0.89
