0       0        4847.90    753.16    0.00    0.00    0.00    0.00
0     200      116247.17  60543.29   42.54   53.38   35.36    0.43
1     400       30900.47   9792.65   77.57   77.41   77.74    0.78
2     600        2938.80   7014.84   82.76   84.35   81.23    0.83
2     800        1941.67   6039.85   84.06   83.97   84.14    0.84
3    1000        1913.28   5234.24   88.16   87.39   88.95    0.88
4    1200        1332.99   4934.91   91.40   90.01   92.84    0.91
4    1400        1007.61   4462.13   91.25   90.16   92.37    0.91
5    1600         808.85   4088.69   92.04   91.78   92.30    0.92
6    1800        1420.33   4429.12   91.78   91.30   92.27    0.92
6    2000         654.90   4180.18   91.68   91.01   92.37    0.92
7    2200         591.04   3903.97   92.97   92.43   93.51    0.93
8    2400         519.28   3602.74   92.64   91.73   93.57    0.93
8    2600         450.56   3832.67   93.51   93.72   93.29    0.94
9    2800         371.57   3361.74   92.13   89.76   94.63    0.92
10    3000         385.69   3742.92   93.08   92.57   93.60    0.93
10    3200         353.77   3492.88   93.23   93.14   93.31    0.93
11    3400         267.26   3310.76   93.37   93.57   93.17    0.93
12    3600         270.73   3545.57   93.19   91.79   94.63    0.93
13    3800         299.98   3452.36   93.11   92.21   94.04    0.93
13    4000         257.33   3223.07   93.22   92.38   94.08    0.93
14    4200         668.96   3184.36   93.65   93.10   94.20    0.94
15    4400         472.40   3541.99   93.53   93.05   94.01    0.94
15    4600         303.02   3301.79   93.66   93.24   94.10    0.94
16    4800         232.80   3574.21   93.62   93.10   94.14    0.94
17    5000         193.17   2626.77   93.65   92.72   94.60    0.94
17    5200         836.41   3343.92   93.88   93.20   94.57    0.94
18    5400         167.45   3147.90   93.66   92.87   94.46    0.94
19    5600         143.77   3047.61   93.27   92.17   94.40    0.93
19    5800         208.18   3094.43   93.47   92.85   94.10    0.93
20    6000       16329.60   2999.34   94.01   93.36   94.67    0.94
21    6200         127.14   3014.49   93.51   92.38   94.67    0.94
21    6400         142.51   2898.33   93.80   93.42   94.19    0.94
22    6600        8136.41   3255.50   93.39   92.77   94.02    0.93
23    6800         164.34   2876.05   93.67   93.05   94.29    0.94
24    7000         109.55   2707.24   93.52   93.10   93.95    0.94
24    7200         109.03   2830.38   94.32   94.18   94.46    0.94
25    7400          85.09   2756.50   94.39   93.96   94.82    0.94
26    7600          97.34   2708.83   94.28   93.71   94.87    0.94
26    7800          89.82   2836.21   94.24   93.95   94.52    0.94
27    8000       51307.53   2862.17   94.53   94.44   94.63    0.95
28    8200         103.86   2548.01   94.33   94.28   94.37    0.94
28    8400          86.95   2511.51   94.67   94.77   94.58    0.95
29    8600         114.95   2679.60   94.79   95.34   94.23    0.95
30    8800          83.12   2417.25   94.51   94.38   94.64    0.95
30    9000          60.35   2502.76   94.03   93.62   94.45    0.94
31    9200          70.74   2454.62   94.41   94.36   94.46    0.94
32    9400          82.25   2540.94   94.62   94.95   94.28    0.95
32    9600          89.84   2397.58   94.31   94.26   94.37    0.94
33    9800          58.67   2191.65   94.50   94.52   94.49    0.95
34   10000          43.89   2253.31   94.30   94.20   94.40    0.94
34   10200         318.84   2327.78   94.46   94.93   93.99    0.94
