0       0        4847.90    753.16    0.00    0.00    0.00    0.00
0     200       96367.43  66637.63   36.87   44.28   31.59    0.37
1     400       24183.12  10567.58   70.30   73.00   67.79    0.70
2     600        7172.30   8088.56   75.56   81.25   70.62    0.76
2     800        5877.10   6866.34   77.21   78.08   76.37    0.77
3    1000        4991.12   6041.44   85.58   85.73   85.44    0.86
4    1200        1802.53   5550.57   87.80   88.39   87.21    0.88
4    1400        1830.45   5066.11   87.42   86.48   88.38    0.87
5    1600        1199.70   4558.45   88.14   86.94   89.37    0.88
6    1800        1105.23   4765.10   89.18   89.07   89.30    0.89
6    2000        1079.35   4556.72   89.53   88.89   90.18    0.90
7    2200        3385.53   4270.00   90.09   89.08   91.12    0.90
8    2400         931.79   3935.04   89.39   88.36   90.45    0.89
8    2600         699.55   4094.08   91.38   91.27   91.49    0.91
9    2800         729.34   3691.31   90.97   90.74   91.21    0.91
10    3000         618.40   3956.23   90.52   90.14   90.90    0.91
10    3200         522.86   3692.38   91.01   92.20   89.84    0.91
11    3400         478.72   3508.80   91.97   91.40   92.54    0.92
12    3600         435.77   3718.86   91.26   90.37   92.16    0.91
13    3800         505.68   3604.06   91.55   90.95   92.16    0.92
13    4000         385.62   3323.30   92.09   91.29   92.92    0.92
14    4200        1129.72   3311.51   92.15   91.58   92.72    0.92
15    4400         312.08   3589.29   92.16   91.43   92.90    0.92
15    4600         282.09   3362.70   92.21   91.21   93.23    0.92
16    4800         376.79   3673.01   91.48   90.09   92.92    0.91
17    5000         350.43   2734.67   92.60   91.84   93.37    0.93
17    5200         278.83   3374.72   91.89   90.49   93.33    0.92
18    5400         352.90   3228.27   92.43   92.41   92.45    0.92
19    5600         259.40   3136.64   91.81   90.46   93.19    0.92
19    5800         316.35   3178.28   92.09   91.98   92.21    0.92
20    6000         165.84   2939.38   92.69   92.17   93.22    0.93
21    6200         227.30   3084.90   92.63   92.81   92.45    0.93
21    6400         219.28   2968.93   92.50   91.62   93.39    0.92
22    6600         176.42   3271.47   92.38   92.28   92.48    0.92
23    6800         343.76   2972.36   92.39   91.53   93.26    0.92
24    7000         221.37   2773.64   92.56   92.05   93.08    0.93
24    7200         190.38   2901.50   92.18   91.14   93.25    0.92
25    7400         188.24   2855.49   93.02   93.17   92.87    0.93
26    7600         145.14   2760.95   93.49   93.54   93.43    0.93
26    7800         147.64   2884.90   93.55   93.94   93.16    0.94
27    8000         270.53   2789.26   93.19   93.12   93.25    0.93
28    8200         144.23   2592.14   93.34   93.90   92.78    0.93
28    8400         160.94   2603.54   92.82   92.79   92.86    0.93
29    8600         123.55   2735.47   93.09   93.06   93.13    0.93
30    8800         171.64   2525.07   93.29   93.22   93.37    0.93
30    9000         125.66   2586.68   93.15   93.18   93.11    0.93
31    9200         100.77   2536.97   93.44   93.34   93.54    0.93
32    9400         112.56   2627.95   93.07   92.89   93.26    0.93
