0       0        4847.90    753.16    0.00    0.00    0.00    0.00
0     200       77096.45  52924.45   53.35   57.50   49.77    0.53
1     400       17267.53   8697.36   64.71   68.46   61.34    0.65
2     600        3708.39   6751.37   84.58   85.99   83.21    0.85
2     800        1666.99   5602.76   85.07   85.15   84.99    0.85
3    1000        1074.10   4795.16   87.77   85.71   89.93    0.88
4    1200        1995.47   4611.42   91.82   91.81   91.83    0.92
4    1400        1782.94   4289.43   92.25   91.92   92.58    0.92
5    1600        1322.45   3962.24   91.66   91.31   92.02    0.92
6    1800         781.04   4310.47   93.14   93.18   93.10    0.93
6    2000       17387.27   4351.69   90.67   89.69   91.66    0.91
7    2200         542.42   3765.12   93.69   93.37   94.01    0.94
8    2400         469.88   3536.85   93.35   92.45   94.28    0.93
8    2600         416.27   3779.53   93.68   93.42   93.93    0.94
9    2800         425.86   3375.06   93.15   91.68   94.67    0.93
10    3000         323.46   3706.75   93.80   93.14   94.48    0.94
10    3200         505.75   3487.80   93.69   93.48   93.90    0.94
11    3400         231.42   3272.09   94.03   94.31   93.76    0.94
12    3600         200.96   3519.14   93.78   92.99   94.58    0.94
13    3800         379.01   3387.92   93.74   93.42   94.07    0.94
13    4000         236.63   3196.25   93.64   93.75   93.54    0.94
14    4200         173.71   3112.10   93.95   93.35   94.55    0.94
15    4400         160.29   3455.51   93.16   91.93   94.43    0.93
15    4600         256.61   3292.63   93.91   94.06   93.76    0.94
16    4800         233.93   3561.46   93.63   92.88   94.40    0.94
17    5000         156.24   2610.36   93.76   92.95   94.58    0.94
