0       0        4847.90    753.16    0.00    0.00    0.00    0.00
0     200       94235.22  54923.25   48.20   53.20   44.06    0.48
1     400       13255.10   8685.07   75.26   75.49   75.03    0.75
2     600        6607.63   6964.98   82.61   85.36   80.04    0.83
2     800        1734.65   5760.69   86.82   85.93   87.73    0.87
3    1000        1959.88   4949.64   89.38   88.35   90.43    0.89
4    1200         931.15   4578.41   91.90   90.78   93.04    0.92
4    1400         832.65   4344.64   92.06   90.75   93.40    0.92
5    1600         811.68   3965.39   91.47   91.77   91.18    0.91
6    1800         866.48   4383.15   92.66   92.18   93.14    0.93
6    2000        1363.23   4185.41   92.93   91.99   93.89    0.93
7    2200         562.97   3798.07   92.90   92.04   93.78    0.93
8    2400        5516.67   3595.20   92.95   91.74   94.19    0.93
8    2600         686.47   3838.52   92.84   91.48   94.23    0.93
9    2800        1635.56   3355.52   93.39   92.94   93.84    0.93
10    3000         392.63   3767.42   93.68   93.51   93.84    0.94
10    3200         348.58   3523.58   93.46   93.22   93.69    0.93
11    3400       24957.47   3447.10   92.87   91.62   94.16    0.93
12    3600         266.12   3540.88   93.77   92.96   94.60    0.94
13    3800         242.07   3415.50   93.90   93.97   93.82    0.94
13    4000         201.84   3206.82   93.67   93.54   93.81    0.94
14    4200         159.82   3108.95   92.97   92.00   93.96    0.93
15    4400         204.56   3490.82   93.58   93.33   93.84    0.94
15    4600         216.88   3277.47   93.84   93.34   94.34    0.94
16    4800         189.55   3578.67   93.70   92.86   94.55    0.94
17    5000         149.50   2632.29   94.03   93.02   95.07    0.94
17    5200         127.09   3271.24   94.24   94.02   94.46    0.94
18    5400         137.01   3116.64   93.77   92.58   94.99    0.94
19    5600         124.75   3041.82   93.90   93.51   94.28    0.94
19    5800         110.92   3067.62   93.99   92.99   95.01    0.94
20    6000          69.53   2836.98   94.00   93.50   94.51    0.94
21    6200         118.26   3006.79   93.64   92.06   95.28    0.94
21    6400         107.51   2881.06   93.77   93.17   94.37    0.94
22    6600         123.37   3188.02   93.82   93.39   94.26    0.94
23    6800          77.29   2845.67   93.67   92.49   94.88    0.94
