0       0        4847.90    753.16    0.00    0.00    0.00    0.00
0     200       97443.38  94043.12   10.39   47.07    5.84    0.10
1     400       84470.51  17996.71   49.87   55.87   45.04    0.50
2     600       25678.25  12278.21   55.71   67.09   47.63    0.56
2     800       65535.93  10842.83   62.73   70.66   56.39    0.63
3    1000        6893.83   8469.12   72.78   76.23   69.62    0.73
4    1200        4532.63   7799.77   78.22   79.90   76.60    0.78
4    1400       27168.55   7482.37   77.99   78.84   77.16    0.78
5    1600        5816.31   6518.93   79.78   82.33   77.39    0.80
6    1800       17086.59   7126.12   79.87   82.54   77.36    0.80
6    2000       15281.20   6587.30   81.74   83.78   79.79    0.82
7    2200        7891.46   6050.89   80.55   80.88   80.22    0.81
8    2400        4637.55   5743.69   82.25   83.51   81.02    0.82
8    2600        5184.86   5877.93   84.37   84.40   84.33    0.84
9    2800        4794.12   5306.23   85.68   85.38   85.98    0.86
10    3000        7953.40   5504.03   86.38   85.93   86.83    0.86
10    3200        5725.44   5240.11   86.92   87.67   86.18    0.87
11    3400        8155.72   4982.92   86.49   86.04   86.94    0.86
12    3600        3810.14   5211.38   86.78   85.88   87.71    0.87
13    3800        2111.14   4772.15   86.62   84.73   88.60    0.87
13    4000        2696.46   4490.02   88.02   87.45   88.59    0.88
14    4200        2091.16   4355.85   87.68   87.77   87.59    0.88
15    4400        2668.97   4677.61   88.17   88.24   88.10    0.88
15    4600        6704.25   4355.00   87.84   87.98   87.71    0.88
16    4800        3278.66   4622.96   88.40   87.52   89.30    0.88
17    5000        2584.40   3713.38   88.78   88.50   89.07    0.89
17    5200        4578.51   4255.02   88.84   89.00   88.68    0.89
18    5400        1909.01   4095.65   88.06   88.33   87.79    0.88
19    5600        3401.91   3890.81   88.42   88.23   88.60    0.88
19    5800       24036.16   4040.22   88.86   88.35   89.37    0.89
20    6000       17122.00   3805.94   88.76   88.83   88.69    0.89
21    6200        2301.68   3789.55   89.20   88.80   89.60    0.89
21    6400        1647.96   3638.88   89.42   88.33   90.54    0.89
22    6600        1583.14   3859.08   89.06   89.28   88.85    0.89
23    6800        1179.37   3492.22   89.39   88.70   90.09    0.89
24    7000        2854.14   3425.72   89.51   89.49   89.54    0.90
24    7200        1508.69   3448.71   89.25   88.69   89.81    0.89
25    7400        2650.01   3404.20   90.05   90.13   89.97    0.90
26    7600        1740.50   3251.24   89.90   89.82   89.98    0.90
26    7800       30426.76   3588.93   90.02   90.20   89.84    0.90
27    8000        3055.91   3277.05   89.83   90.11   89.54    0.90
28    8200        1431.42   3048.71   90.11   90.41   89.80    0.90
28    8400        7820.44   3132.07   89.96   89.93   90.00    0.90
29    8600        1365.08   3203.65   90.51   90.55   90.46    0.91
30    8800        2696.90   2915.92   90.13   90.09   90.16    0.90
30    9000         994.84   2973.43   89.81   90.71   88.94    0.90
31    9200        2663.95   2893.20   90.29   90.12   90.45    0.90
32    9400       27498.76   3241.83   90.18   90.09   90.27    0.90
32    9600       18787.98   3016.17   90.30   90.40   90.21    0.90
33    9800        8440.58   2701.98   90.38   90.36   90.40    0.90
34   10000         864.36   2719.28   89.89   90.82   88.98    0.90
34   10200        4682.59   2874.98   90.12   89.37   90.87    0.90
