  0       0        1579.51    860.78    0.02    0.01    0.26    0.00
  0     200       72619.32  65664.37   35.09   42.70   29.79    0.35
  1     400       58657.94  16555.90   54.11   64.22   46.75    0.54
  2     600        7506.73  14182.48   81.13   82.53   79.78    0.81
  2     800        2751.20  12468.66   84.57   85.23   83.93    0.85
  3    1000        1713.62  11024.08   87.09   88.29   85.92    0.87
  4    1200        1336.25  10802.59   87.45   87.60   87.29    0.87
  4    1400        1688.11  10514.25   87.48   88.74   86.26    0.87
  5    1600         815.91   9559.42   88.36   88.67   88.04    0.88
  6    1800         897.47  10409.18   90.04   90.17   89.92    0.90
  6    2000         507.09  10267.63   90.15   90.71   89.59    0.90
  7    2200         461.47   9729.65   90.53   89.27   91.83    0.91
  8    2400         503.30   9274.70   91.96   92.75   91.19    0.92
  8    2600         504.54  10129.56   90.85   90.64   91.05    0.91
  9    2800        2982.70   8851.73   92.19   91.58   92.81    0.92
 10    3000         660.39  10045.11   92.55   93.72   91.42    0.93
 10    3200         294.62   9100.55   92.47   93.10   91.86    0.92
 11    3400         400.39   9074.15   92.39   92.58   92.21    0.92
 12    3600         276.65   9446.54   92.46   92.13   92.80    0.92
 13    3800         262.40   9305.11   92.46   92.84   92.08    0.92
 13    4000         222.85   8920.62   92.51   92.56   92.46    0.93
 14    4200         307.76   8846.30   92.55   92.36   92.75    0.93
 15    4400         207.31   9099.02   93.09   94.01   92.19    0.93
 15    4600         171.19   9157.71   92.71   92.27   93.16    0.93
 16    4800         154.69   9160.51   92.96   92.83   93.08    0.93
 17    5000         220.69   7474.76   92.42   93.05   91.80    0.92
 17    5200         187.42   8975.59   93.06   93.84   92.28    0.93
 18    5400         195.16   8439.04   92.06   92.39   91.72    0.92
 19    5600         540.79   8730.94   92.03   91.97   92.08    0.92
 19    5800         190.42   8206.53   92.64   92.64   92.63    0.93
 20    6000         143.92   7625.72   92.80   92.97   92.63    0.93
