0       0        4847.90    753.16    0.00    0.00    0.00    0.00
0     200       76835.07  53222.87   50.45   52.82   48.28    0.50
1     400       67298.04   9899.42   40.82   69.49   28.89    0.41
2     600       20809.73   7361.88   76.08   82.99   70.23    0.76
2     800        1630.92   5684.48   85.97   83.51   88.59    0.86
3    1000        1290.50   4769.27   88.27   86.67   89.93    0.88
4    1200        1102.16   4600.45   92.48   92.18   92.78    0.92
4    1400        9229.12   4308.37   89.07   86.31   92.01    0.89
5    1600        3159.71   4012.99   91.29   90.56   92.04    0.91
6    1800         833.88   4247.64   92.70   92.78   92.61    0.93
6    2000        1120.50   4078.89   91.57   91.44   91.69    0.92
7    2200         480.23   3725.82   92.28   91.30   93.28    0.92
8    2400        1778.60   3547.02   92.63   91.72   93.55    0.93
8    2600         418.60   3784.86   92.81   91.63   94.01    0.93
9    2800         340.34   3377.70   92.82   91.34   94.35    0.93
10    3000         367.22   3659.84   93.38   93.13   93.63    0.93
10    3200         312.45   3461.55   93.62   92.93   94.32    0.94
11    3400        1841.60   3330.88   93.50   92.54   94.48    0.93
12    3600        5786.36   3630.36   94.07   93.60   94.55    0.94
13    3800         232.03   3371.83   93.37   92.60   94.16    0.93
13    4000        1385.44   3239.68   93.83   92.92   94.76    0.94
14    4200        2481.29   3180.00   93.93   94.20   93.66    0.94
15    4400         218.72   3443.41   94.00   93.55   94.45    0.94
15    4600         196.14   3259.53   93.57   92.92   94.22    0.94
16    4800         262.14   3550.25   93.78   93.02   94.55    0.94
17    5000         157.63   2605.73   93.46   92.99   93.95    0.93
17    5200         155.71   3288.98   93.30   93.82   92.80    0.93
